# JRE version: Java(TM) SE Runtime Environment (8.0_05-b13) (build 1.8.0_05-b13)
# Java VM: Java HotSpot(TM) Client VM (25.5-b02 mixed mode windows-x86 )
Heap:
 def new generation   total 49024K, used 49024K [0x04e00000, 0x08330000, 0x1a350000)
  eden space 43584K, 100% used [0x04e00000, 0x07890000, 0x07890000)
  from space 5440K, 100% used [0x07890000, 0x07de0000, 0x07de0000)
  to   space 5440K, 100% used [0x07de0000, 0x08330000, 0x08330000)
 tenured generation   total 115624K, used 115622K [0x1a350000, 0x2143a000, 0x44e00000)
   the space 115624K,  99% used [0x1a350000, 0x21439910, 0x21439a00, 0x2143a000)
 Metaspace       used 3270K, capacity 3462K, committed 3520K, reserved 4480K
GC Heap History (10 events):
Event: 12.098 GC heap after
Heap after GC invocations=24 (full 6):
 def new generation   total 28096K, used 3072K [0x04e00000, 0x06c70000, 0x1a350000)
  eden space 25024K,   0% used [0x04e00000, 0x04e00000, 0x06670000)
  from space 3072K, 100% used [0x06970000, 0x06c70000, 0x06c70000)
  to   space 3072K,   0% used [0x06670000, 0x06670000, 0x06970000)
 tenured generation   total 62256K, used 62133K [0x1a350000, 0x1e01c000, 0x44e00000)
   the space 62256K,  99% used [0x1a350000, 0x1dffd680, 0x1dffd800, 0x1e01c000)
 Metaspace       used 3258K, capacity 3430K, committed 3520K, reserved 4480K
}
Event: 12.307 GC heap before
{Heap before GC invocations=24 (full 6):
 def new generation   total 28096K, used 28096K [0x04e00000, 0x06c70000, 0x1a350000)
  eden space 25024K, 100% used [0x04e00000, 0x06670000, 0x06670000)
  from space 3072K, 100% used [0x06970000, 0x06c70000, 0x06c70000)
  to   space 3072K,   0% used [0x06670000, 0x06670000, 0x06970000)
 tenured generation   total 62256K, used 62133K [0x1a350000, 0x1e01c000, 0x44e00000)
   the space 62256K,  99% used [0x1a350000, 0x1dffd680, 0x1dffd800, 0x1e01c000)
 Metaspace       used 3258K, capacity 3430K, committed 3520K, reserved 4480K
Event: 12.433 GC heap after
Heap after GC invocations=25 (full 7):
 def new generation   total 49024K, used 2561K [0x04e00000, 0x08330000, 0x1a350000)
  eden space 43584K,   5% used [0x04e00000, 0x050805e8, 0x07890000)
  from space 5440K,   0% used [0x07890000, 0x07890000, 0x07de0000)
  to   space 5440K,   0% used [0x07de0000, 0x07de0000, 0x08330000)
 tenured generation   total 108880K, used 65327K [0x1a350000, 0x20da4000, 0x44e00000)
   the space 108880K,  59% used [0x1a350000, 0x1e31bff0, 0x1e31c000, 0x20da4000)
 Metaspace       used 3258K, capacity 3430K, committed 3520K, reserved 4480K
}
Event: 12.704 GC heap before
{Heap before GC invocations=25 (full 7):
 def new generation   total 49024K, used 43584K [0x04e00000, 0x08330000, 0x1a350000)
  eden space 43584K, 100% used [0x04e00000, 0x07890000, 0x07890000)
  from space 5440K,   0% used [0x07890000, 0x07890000, 0x07de0000)
  to   space 5440K,   0% used [0x07de0000, 0x07de0000, 0x08330000)
 tenured generation   total 108880K, used 65327K [0x1a350000, 0x20da4000, 0x44e00000)
   the space 108880K,  59% used [0x1a350000, 0x1e31bff0, 0x1e31c000, 0x20da4000)
 Metaspace       used 3258K, capacity 3430K, committed 3520K, reserved 4480K
Event: 12.761 GC heap after
Heap after GC invocations=26 (full 7):
 def new generation   total 49024K, used 5440K [0x04e00000, 0x08330000, 0x1a350000)
  eden space 43584K,   0% used [0x04e00000, 0x04e00000, 0x07890000)
  from space 5440K, 100% used [0x07de0000, 0x08330000, 0x08330000)
  to   space 5440K,   0% used [0x07890000, 0x07890000, 0x07de0000)
 tenured generation   total 108880K, used 70594K [0x1a350000, 0x20da4000, 0x44e00000)
   the space 108880K,  64% used [0x1a350000, 0x1e840850, 0x1e840a00, 0x20da4000)
 Metaspace       used 3258K, capacity 3430K, committed 3520K, reserved 4480K
}
Event: 13.030 GC heap before
{Heap before GC invocations=26 (full 7):
 def new generation   total 49024K, used 49024K [0x04e00000, 0x08330000, 0x1a350000)
  eden space 43584K, 100% used [0x04e00000, 0x07890000, 0x07890000)
  from space 5440K, 100% used [0x07de0000, 0x08330000, 0x08330000)
  to   space 5440K,   0% used [0x07890000, 0x07890000, 0x07de0000)
 tenured generation   total 108880K, used 70594K [0x1a350000, 0x20da4000, 0x44e00000)
   the space 108880K,  64% used [0x1a350000, 0x1e840850, 0x1e840a00, 0x20da4000)
 Metaspace       used 3270K, capacity 3462K, committed 3520K, reserved 4480K
Event: 13.067 GC heap after
Heap after GC invocations=27 (full 7):
 def new generation   total 49024K, used 5440K [0x04e00000, 0x08330000, 0x1a350000)
  eden space 43584K,   0% used [0x04e00000, 0x04e00000, 0x07890000)
  from space 5440K, 100% used [0x07890000, 0x07de0000, 0x07de0000)
  to   space 5440K,   0% used [0x07de0000, 0x07de0000, 0x08330000)
 tenured generation   total 108880K, used 76945K [0x1a350000, 0x20da4000, 0x44e00000)
   the space 108880K,  70% used [0x1a350000, 0x1ee744f0, 0x1ee74600, 0x20da4000)
 Metaspace       used 3270K, capacity 3462K, committed 3520K, reserved 4480K
}
Event: 14.334 GC heap before
{Heap before GC invocations=27 (full 7):
 def new generation   total 49024K, used 49024K [0x04e00000, 0x08330000, 0x1a350000)
  eden space 43584K, 100% used [0x04e00000, 0x07890000, 0x07890000)
  from space 5440K, 100% used [0x07890000, 0x07de0000, 0x07de0000)
  to   space 5440K,   0% used [0x07de0000, 0x07de0000, 0x08330000)
 tenured generation   total 108880K, used 76945K [0x1a350000, 0x20da4000, 0x44e00000)
   the space 108880K,  70% used [0x1a350000, 0x1ee744f0, 0x1ee74600, 0x20da4000)
 Metaspace       used 3270K, capacity 3462K, committed 3520K, reserved 4480K
Event: 14.415 GC heap after
Heap after GC invocations=28 (full 7):
 def new generation   total 49024K, used 5440K [0x04e00000, 0x08330000, 0x1a350000)
  eden space 43584K,   0% used [0x04e00000, 0x04e00000, 0x07890000)
  from space 5440K, 100% used [0x07de0000, 0x08330000, 0x08330000)
  to   space 5440K,   0% used [0x07890000, 0x07890000, 0x07de0000)
 tenured generation   total 108880K, used 106881K [0x1a350000, 0x20da4000, 0x44e00000)
   the space 108880K,  98% used [0x1a350000, 0x20bb0440, 0x20bb0600, 0x20da4000)
 Metaspace       used 3270K, capacity 3462K, committed 3520K, reserved 4480K
}
Event: 14.770 GC heap before
{Heap before GC invocations=28 (full 7):
 def new generation   total 49024K, used 49024K [0x04e00000, 0x08330000, 0x1a350000)
  eden space 43584K, 100% used [0x04e00000, 0x07890000, 0x07890000)
  from space 5440K, 100% used [0x07de0000, 0x08330000, 0x08330000)
  to   space 5440K,   0% used [0x07890000, 0x07890000, 0x07de0000)
 tenured generation   total 108880K, used 106881K [0x1a350000, 0x20da4000, 0x44e00000)
   the space 108880K,  98% used [0x1a350000, 0x20bb0440, 0x20bb0600, 0x20da4000)
 Metaspace       used 3270K, capacity 3462K, committed 3520K, reserved 4480K

