# JRE version: Java(TM) SE Runtime Environment (7.0_51-b13) (build 1.7.0_51-b13)
# Java VM: Java HotSpot(TM) 64-Bit Server VM (24.51-b03 mixed mode windows-amd64 compressed oops)
Heap
 PSYoungGen      total 93696K, used 45040K [0x00000000eaa80000, 0x00000000f4800000, 0x0000000100000000)
  eden space 65536K, 68% used [0x00000000eaa80000,0x00000000ed67c0b8,0x00000000eea80000)
  from space 28160K, 0% used [0x00000000f2c80000,0x00000000f2c80000,0x00000000f4800000)
  to   space 2560K, 0% used [0x00000000eea80000,0x00000000eea80000,0x00000000eed00000)
 ParOldGen       total 98304K, used 62324K [0x00000000c0000000, 0x00000000c6000000, 0x00000000eaa80000)
  object space 98304K, 63% used [0x00000000c0000000,0x00000000c3cdd0c0,0x00000000c6000000)
 PSPermGen       total 21504K, used 5486K [0x00000000bae00000, 0x00000000bc300000, 0x00000000c0000000)
  object space 21504K, 25% used [0x00000000bae00000,0x00000000bb35b800,0x00000000bc300000)
GC Heap History (10 events):
Event: 14.418 GC heap before
{Heap before GC invocations=7 (full 1):
 PSYoungGen      total 68096K, used 68065K [0x00000000eaa80000, 0x00000000f4800000, 0x0000000100000000)
  eden space 65536K, 100% used [0x00000000eaa80000,0x00000000eea80000,0x00000000eea80000)
  from space 2560K, 98% used [0x00000000eea80000,0x00000000eecf86a8,0x00000000eed00000)
  to   space 28160K, 0% used [0x00000000f2c80000,0x00000000f2c80000,0x00000000f4800000)
 ParOldGen       total 83968K, used 57353K [0x00000000c0000000, 0x00000000c5200000, 0x00000000eaa80000)
  object space 83968K, 68% used [0x00000000c0000000,0x00000000c3802700,0x00000000c5200000)
 PSPermGen       total 21504K, used 5467K [0x00000000bae00000, 0x00000000bc300000, 0x00000000c0000000)
  object space 21504K, 25% used [0x00000000bae00000,0x00000000bb356c68,0x00000000bc300000)
Event: 14.470 GC heap after
Heap after GC invocations=7 (full 1):
 PSYoungGen      total 93696K, used 28148K [0x00000000eaa80000, 0x00000000f4800000, 0x0000000100000000)
  eden space 65536K, 0% used [0x00000000eaa80000,0x00000000eaa80000,0x00000000eea80000)
  from space 28160K, 99% used [0x00000000f2c80000,0x00000000f47fd280,0x00000000f4800000)
  to   space 2560K, 0% used [0x00000000eea80000,0x00000000eea80000,0x00000000eed00000)
 ParOldGen       total 83968K, used 67073K [0x00000000c0000000, 0x00000000c5200000, 0x00000000eaa80000)
  object space 83968K, 79% used [0x00000000c0000000,0x00000000c4180700,0x00000000c5200000)
 PSPermGen       total 21504K, used 5467K [0x00000000bae00000, 0x00000000bc300000, 0x00000000c0000000)
  object space 21504K, 25% used [0x00000000bae00000,0x00000000bb356c68,0x00000000bc300000)
}
Event: 14.470 GC heap before
{Heap before GC invocations=8 (full 2):
 PSYoungGen      total 93696K, used 28148K [0x00000000eaa80000, 0x00000000f4800000, 0x0000000100000000)
  eden space 65536K, 0% used [0x00000000eaa80000,0x00000000eaa80000,0x00000000eea80000)
  from space 28160K, 99% used [0x00000000f2c80000,0x00000000f47fd280,0x00000000f4800000)
  to   space 2560K, 0% used [0x00000000eea80000,0x00000000eea80000,0x00000000eed00000)
 ParOldGen       total 83968K, used 67073K [0x00000000c0000000, 0x00000000c5200000, 0x00000000eaa80000)
  object space 83968K, 79% used [0x00000000c0000000,0x00000000c4180700,0x00000000c5200000)
 PSPermGen       total 21504K, used 5467K [0x00000000bae00000, 0x00000000bc300000, 0x00000000c0000000)
  object space 21504K, 25% used [0x00000000bae00000,0x00000000bb356c68,0x00000000bc300000)
Event: 14.852 GC heap after
Heap after GC invocations=8 (full 2):
 PSYoungGen      total 93696K, used 0K [0x00000000eaa80000, 0x00000000f4800000, 0x0000000100000000)
  eden space 65536K, 0% used [0x00000000eaa80000,0x00000000eaa80000,0x00000000eea80000)
  from space 28160K, 0% used [0x00000000f2c80000,0x00000000f2c80000,0x00000000f4800000)
  to   space 2560K, 0% used [0x00000000eea80000,0x00000000eea80000,0x00000000eed00000)
 ParOldGen       total 98304K, used 50739K [0x00000000c0000000, 0x00000000c6000000, 0x00000000eaa80000)
  object space 98304K, 51% used [0x00000000c0000000,0x00000000c318cf90,0x00000000c6000000)
 PSPermGen       total 21504K, used 5465K [0x00000000bae00000, 0x00000000bc300000, 0x00000000c0000000)
  object space 21504K, 25% used [0x00000000bae00000,0x00000000bb356548,0x00000000bc300000)
}
Event: 16.349 GC heap before
{Heap before GC invocations=9 (full 2):
 PSYoungGen      total 93696K, used 65536K [0x00000000eaa80000, 0x00000000f4800000, 0x0000000100000000)
  eden space 65536K, 100% used [0x00000000eaa80000,0x00000000eea80000,0x00000000eea80000)
  from space 28160K, 0% used [0x00000000f2c80000,0x00000000f2c80000,0x00000000f4800000)
  to   space 2560K, 0% used [0x00000000eea80000,0x00000000eea80000,0x00000000eed00000)
 ParOldGen       total 98304K, used 50739K [0x00000000c0000000, 0x00000000c6000000, 0x00000000eaa80000)
  object space 98304K, 51% used [0x00000000c0000000,0x00000000c318cf90,0x00000000c6000000)
 PSPermGen       total 21504K, used 5484K [0x00000000bae00000, 0x00000000bc300000, 0x00000000c0000000)
  object space 21504K, 25% used [0x00000000bae00000,0x00000000bb35b1c0,0x00000000bc300000)
Event: 16.519 GC heap after
Heap after GC invocations=9 (full 2):
 PSYoungGen      total 68096K, used 2546K [0x00000000eaa80000, 0x00000000f4800000, 0x0000000100000000)
  eden space 65536K, 0% used [0x00000000eaa80000,0x00000000eaa80000,0x00000000eea80000)
  from space 2560K, 99% used [0x00000000eea80000,0x00000000eecfca98,0x00000000eed00000)
  to   space 28160K, 0% used [0x00000000f2c80000,0x00000000f2c80000,0x00000000f4800000)
 ParOldGen       total 98304K, used 68225K [0x00000000c0000000, 0x00000000c6000000, 0x00000000eaa80000)
  object space 98304K, 69% used [0x00000000c0000000,0x00000000c42a07d0,0x00000000c6000000)
 PSPermGen       total 21504K, used 5484K [0x00000000bae00000, 0x00000000bc300000, 0x00000000c0000000)
  object space 21504K, 25% used [0x00000000bae00000,0x00000000bb35b1c0,0x00000000bc300000)
}
Event: 16.644 GC heap before
{Heap before GC invocations=10 (full 2):
 PSYoungGen      total 68096K, used 68082K [0x00000000eaa80000, 0x00000000f4800000, 0x0000000100000000)
  eden space 65536K, 100% used [0x00000000eaa80000,0x00000000eea80000,0x00000000eea80000)
  from space 2560K, 99% used [0x00000000eea80000,0x00000000eecfca98,0x00000000eed00000)
  to   space 28160K, 0% used [0x00000000f2c80000,0x00000000f2c80000,0x00000000f4800000)
 ParOldGen       total 98304K, used 68225K [0x00000000c0000000, 0x00000000c6000000, 0x00000000eaa80000)
  object space 98304K, 69% used [0x00000000c0000000,0x00000000c42a07d0,0x00000000c6000000)
 PSPermGen       total 21504K, used 5484K [0x00000000bae00000, 0x00000000bc300000, 0x00000000c0000000)
  object space 21504K, 25% used [0x00000000bae00000,0x00000000bb35b1c0,0x00000000bc300000)
Event: 17.400 GC heap after
Heap after GC invocations=10 (full 2):
 PSYoungGen      total 93696K, used 28136K [0x00000000eaa80000, 0x00000000f4800000, 0x0000000100000000)
  eden space 65536K, 0% used [0x00000000eaa80000,0x00000000eaa80000,0x00000000eea80000)
  from space 28160K, 99% used [0x00000000f2c80000,0x00000000f47fa1f8,0x00000000f4800000)
  to   space 2560K, 0% used [0x00000000eea80000,0x00000000eea80000,0x00000000eed00000)
 ParOldGen       total 98304K, used 76561K [0x00000000c0000000, 0x00000000c6000000, 0x00000000eaa80000)
  object space 98304K, 77% used [0x00000000c0000000,0x00000000c4ac47d0,0x00000000c6000000)
 PSPermGen       total 21504K, used 5484K [0x00000000bae00000, 0x00000000bc300000, 0x00000000c0000000)
  object space 21504K, 25% used [0x00000000bae00000,0x00000000bb35b1c0,0x00000000bc300000)
}
Event: 17.400 GC heap before
{Heap before GC invocations=11 (full 3):
 PSYoungGen      total 93696K, used 28136K [0x00000000eaa80000, 0x00000000f4800000, 0x0000000100000000)
  eden space 65536K, 0% used [0x00000000eaa80000,0x00000000eaa80000,0x00000000eea80000)
  from space 28160K, 99% used [0x00000000f2c80000,0x00000000f47fa1f8,0x00000000f4800000)
  to   space 2560K, 0% used [0x00000000eea80000,0x00000000eea80000,0x00000000eed00000)
 ParOldGen       total 98304K, used 76561K [0x00000000c0000000, 0x00000000c6000000, 0x00000000eaa80000)
  object space 98304K, 77% used [0x00000000c0000000,0x00000000c4ac47d0,0x00000000c6000000)
 PSPermGen       total 21504K, used 5484K [0x00000000bae00000, 0x00000000bc300000, 0x00000000c0000000)
  object space 21504K, 25% used [0x00000000bae00000,0x00000000bb35b1c0,0x00000000bc300000)
Event: 17.701 GC heap after
Heap after GC invocations=11 (full 3):
 PSYoungGen      total 93696K, used 0K [0x00000000eaa80000, 0x00000000f4800000, 0x0000000100000000)
  eden space 65536K, 0% used [0x00000000eaa80000,0x00000000eaa80000,0x00000000eea80000)
  from space 28160K, 0% used [0x00000000f2c80000,0x00000000f2c80000,0x00000000f4800000)
  to   space 2560K, 0% used [0x00000000eea80000,0x00000000eea80000,0x00000000eed00000)
 ParOldGen       total 98304K, used 62324K [0x00000000c0000000, 0x00000000c6000000, 0x00000000eaa80000)
  object space 98304K, 63% used [0x00000000c0000000,0x00000000c3cdd0c0,0x00000000c6000000)
 PSPermGen       total 21504K, used 5483K [0x00000000bae00000, 0x00000000bc300000, 0x00000000c0000000)
  object space 21504K, 25% used [0x00000000bae00000,0x00000000bb35af80,0x00000000bc300000)
}

